# JRE version: Java(TM) SE Runtime Environment (8.0_111-b14) (build 1.8.0_111-b14)
# Java VM: Java HotSpot(TM) Client VM (25.111-b14 mixed mode windows-x86 )
Heap:
 def new generation   total 61568K, used 2161K [0x03e00000, 0x080c0000, 0x19350000)
  eden space 54784K,   0% used [0x03e00000, 0x03e00000, 0x07380000)
  from space 6784K,  31% used [0x07a20000, 0x07c3c7c8, 0x080c0000)
  to   space 6784K,   0% used [0x07380000, 0x07380000, 0x07a20000)
 tenured generation   total 136844K, used 136841K [0x19350000, 0x218f3000, 0x43e00000)
   the space 136844K,  99% used [0x19350000, 0x218f2698, 0x218f2800, 0x218f3000)
 Metaspace       used 44960K, capacity 48370K, committed 48384K, reserved 48512K
GC Heap History (10 events):
Event: 28338.313 GC heap after
Heap after GC invocations=394 (full 23):
 def new generation   total 61568K, used 4228K [0x03e00000, 0x080c0000, 0x19350000)
  eden space 54784K,   0% used [0x03e00000, 0x03e00000, 0x07380000)
  from space 6784K,  62% used [0x07380000, 0x077a13a0, 0x07a20000)
  to   space 6784K,   0% used [0x07a20000, 0x07a20000, 0x080c0000)
 tenured generation   total 136460K, used 125798K [0x19350000, 0x21893000, 0x43e00000)
   the space 136460K,  92% used [0x19350000, 0x20e29898, 0x20e29a00, 0x21893000)
 Metaspace       used 44425K, capacity 47575K, committed 48128K, reserved 48512K
}
Event: 29462.854 GC heap before
{Heap before GC invocations=394 (full 23):
 def new generation   total 61568K, used 59012K [0x03e00000, 0x080c0000, 0x19350000)
  eden space 54784K, 100% used [0x03e00000, 0x07380000, 0x07380000)
  from space 6784K,  62% used [0x07380000, 0x077a13a0, 0x07a20000)
  to   space 6784K,   0% used [0x07a20000, 0x07a20000, 0x080c0000)
 tenured generation   total 136460K, used 125798K [0x19350000, 0x21893000, 0x43e00000)
   the space 136460K,  92% used [0x19350000, 0x20e29898, 0x20e29a00, 0x21893000)
 Metaspace       used 44427K, capacity 47577K, committed 48128K, reserved 48512K
Event: 29462.888 GC heap after
Heap after GC invocations=395 (full 23):
 def new generation   total 61568K, used 1140K [0x03e00000, 0x080c0000, 0x19350000)
  eden space 54784K,   0% used [0x03e00000, 0x03e00000, 0x07380000)
  from space 6784K,  16% used [0x07a20000, 0x07b3d3f0, 0x080c0000)
  to   space 6784K,   0% used [0x07380000, 0x07380000, 0x07a20000)
 tenured generation   total 136460K, used 127735K [0x19350000, 0x21893000, 0x43e00000)
   the space 136460K,  93% used [0x19350000, 0x2100dc20, 0x2100de00, 0x21893000)
 Metaspace       used 44427K, capacity 47577K, committed 48128K, reserved 48512K
}
Event: 29632.255 GC heap before
{Heap before GC invocations=395 (full 23):
 def new generation   total 61568K, used 55924K [0x03e00000, 0x080c0000, 0x19350000)
  eden space 54784K, 100% used [0x03e00000, 0x07380000, 0x07380000)
  from space 6784K,  16% used [0x07a20000, 0x07b3d3f0, 0x080c0000)
  to   space 6784K,   0% used [0x07380000, 0x07380000, 0x07a20000)
 tenured generation   total 136460K, used 127735K [0x19350000, 0x21893000, 0x43e00000)
   the space 136460K,  93% used [0x19350000, 0x2100dc20, 0x2100de00, 0x21893000)
 Metaspace       used 44595K, capacity 47896K, committed 48128K, reserved 48512K
Event: 29632.284 GC heap after
Heap after GC invocations=396 (full 23):
 def new generation   total 61568K, used 2822K [0x03e00000, 0x080c0000, 0x19350000)
  eden space 54784K,   0% used [0x03e00000, 0x03e00000, 0x07380000)
  from space 6784K,  41% used [0x07380000, 0x07641a38, 0x07a20000)
  to   space 6784K,   0% used [0x07a20000, 0x07a20000, 0x080c0000)
 tenured generation   total 136460K, used 127735K [0x19350000, 0x21893000, 0x43e00000)
   the space 136460K,  93% used [0x19350000, 0x2100dc20, 0x2100de00, 0x21893000)
 Metaspace       used 44595K, capacity 47896K, committed 48128K, reserved 48512K
}
Event: 29633.115 GC heap before
{Heap before GC invocations=396 (full 23):
 def new generation   total 61568K, used 57606K [0x03e00000, 0x080c0000, 0x19350000)
  eden space 54784K, 100% used [0x03e00000, 0x07380000, 0x07380000)
  from space 6784K,  41% used [0x07380000, 0x07641a38, 0x07a20000)
  to   space 6784K,   0% used [0x07a20000, 0x07a20000, 0x080c0000)
 tenured generation   total 136460K, used 127735K [0x19350000, 0x21893000, 0x43e00000)
   the space 136460K,  93% used [0x19350000, 0x2100dc20, 0x2100de00, 0x21893000)
 Metaspace       used 44611K, capacity 47916K, committed 48128K, reserved 48512K
Event: 29633.131 GC heap after
Heap after GC invocations=397 (full 23):
 def new generation   total 61568K, used 4601K [0x03e00000, 0x080c0000, 0x19350000)
  eden space 54784K,   0% used [0x03e00000, 0x03e00000, 0x07380000)
  from space 6784K,  67% used [0x07a20000, 0x07e9e5a8, 0x080c0000)
  to   space 6784K,   0% used [0x07380000, 0x07380000, 0x07a20000)
 tenured generation   total 136460K, used 127735K [0x19350000, 0x21893000, 0x43e00000)
   the space 136460K,  93% used [0x19350000, 0x2100dc20, 0x2100de00, 0x21893000)
 Metaspace       used 44611K, capacity 47916K, committed 48128K, reserved 48512K
}
Event: 29634.151 GC heap before
{Heap before GC invocations=397 (full 23):
 def new generation   total 61568K, used 59385K [0x03e00000, 0x080c0000, 0x19350000)
  eden space 54784K, 100% used [0x03e00000, 0x07380000, 0x07380000)
  from space 6784K,  67% used [0x07a20000, 0x07e9e5a8, 0x080c0000)
  to   space 6784K,   0% used [0x07380000, 0x07380000, 0x07a20000)
 tenured generation   total 136460K, used 127735K [0x19350000, 0x21893000, 0x43e00000)
   the space 136460K,  93% used [0x19350000, 0x2100dc20, 0x2100de00, 0x21893000)
 Metaspace       used 44943K, capacity 48343K, committed 48384K, reserved 48512K
Event: 29634.196 GC heap after
Heap after GC invocations=398 (full 23):
 def new generation   total 61568K, used 6784K [0x03e00000, 0x080c0000, 0x19350000)
  eden space 54784K,   0% used [0x03e00000, 0x03e00000, 0x07380000)
  from space 6784K, 100% used [0x07380000, 0x07a20000, 0x07a20000)
  to   space 6784K,   0% used [0x07a20000, 0x07a20000, 0x080c0000)
 tenured generation   total 136460K, used 130077K [0x19350000, 0x21893000, 0x43e00000)
   the space 136460K,  95% used [0x19350000, 0x21257538, 0x21257600, 0x21893000)
 Metaspace       used 44943K, capacity 48343K, committed 48384K, reserved 48512K
}
Event: 29634.456 GC heap before
{Heap before GC invocations=398 (full 23):
 def new generation   total 61568K, used 61568K [0x03e00000, 0x080c0000, 0x19350000)
  eden space 54784K, 100% used [0x03e00000, 0x07380000, 0x07380000)
  from space 6784K, 100% used [0x07380000, 0x07a20000, 0x07a20000)
  to   space 6784K,   0% used [0x07a20000, 0x07a20000, 0x080c0000)
 tenured generation   total 136460K, used 130077K [0x19350000, 0x21893000, 0x43e00000)
   the space 136460K,  95% used [0x19350000, 0x21257538, 0x21257600, 0x21893000)
 Metaspace       used 44960K, capacity 48370K, committed 48384K, reserved 48512K

